  Demon.cpp
  Frost.cpp
  Rabbit.cpp
  example.cpp
  main.cpp
C:\Users\97150\Documents\GitHub\gad173breakoutgame\projects\enemy_sandbox\Rabbit.cpp(19,30): warning C4305: 'argument': truncation from 'double' to 'float'
C:\Users\97150\Documents\GitHub\gad173breakoutgame\projects\enemy_sandbox\Rabbit.cpp(56,38): warning C4100: 'obj': unreferenced formal parameter
C:\Users\97150\Documents\GitHub\gad173breakoutgame\projects\enemy_sandbox\Rabbit.cpp(66,37): warning C4100: 'fix': unreferenced formal parameter
C:\Users\97150\Documents\GitHub\gad173breakoutgame\projects\enemy_sandbox\Frost.cpp(20,30): warning C4305: 'argument': truncation from 'double' to 'float'
C:\Users\97150\Documents\GitHub\gad173breakoutgame\projects\enemy_sandbox\Frost.cpp(25,30): warning C4305: 'argument': truncation from 'double' to 'float'
C:\Users\97150\Documents\GitHub\gad173breakoutgame\projects\enemy_sandbox\Frost.cpp(46,37): warning C4100: 'obj': unreferenced formal parameter
C:\Users\97150\Documents\GitHub\gad173breakoutgame\projects\enemy_sandbox\Frost.cpp(55,36): warning C4100: 'fix': unreferenced formal parameter
C:\Users\97150\Documents\GitHub\gad173breakoutgame\dev\sdk\include\kage2dutil\physics.h(134,1): warning C4312: 'type cast': conversion from 'int' to 'void *' of greater size (compiling source file Frost.cpp)
C:\Users\97150\Documents\GitHub\gad173breakoutgame\dev\sdk\include\kage2dutil\physics.h(133): message : while compiling class template member function 'T &kage::Physics::BaseFixtureBuilder<T>::userData(int)'
          with
          [
              T=kage::Physics::CircleBuilder
          ] (compiling source file Frost.cpp)
C:\Users\97150\Documents\GitHub\gad173breakoutgame\projects\enemy_sandbox\Frost.cpp(31): message : see reference to function template instantiation 'T &kage::Physics::BaseFixtureBuilder<T>::userData(int)' being compiled
          with
          [
              T=kage::Physics::CircleBuilder
          ]
C:\Users\97150\Documents\GitHub\gad173breakoutgame\dev\sdk\include\kage2dutil\physics.h(160): message : see reference to class template instantiation 'kage::Physics::BaseFixtureBuilder<kage::Physics::CircleBuilder>' being compiled (compiling source file Frost.cpp)
C:\Users\97150\Documents\GitHub\gad173breakoutgame\projects\enemy_sandbox\example.cpp(20,35): warning C4305: 'argument': truncation from 'double' to 'float32'
C:\Users\97150\Documents\GitHub\gad173breakoutgame\projects\enemy_sandbox\example.cpp(63,57): warning C4244: 'argument': conversion from 'double' to 'TT', possible loss of data
          with
          [
              TT=float
          ]
C:\Users\97150\Documents\GitHub\gad173breakoutgame\projects\enemy_sandbox\example.cpp(63,50): warning C4244: 'argument': conversion from 'double' to 'TT', possible loss of data
          with
          [
              TT=float
          ]
C:\Users\97150\Documents\GitHub\gad173breakoutgame\projects\enemy_sandbox\Demon.cpp(20,30): warning C4305: 'argument': truncation from 'double' to 'float'
C:\Users\97150\Documents\GitHub\gad173breakoutgame\projects\enemy_sandbox\Demon.cpp(36,37): warning C4100: 'obj': unreferenced formal parameter
C:\Users\97150\Documents\GitHub\gad173breakoutgame\projects\enemy_sandbox\Demon.cpp(45,36): warning C4100: 'fix': unreferenced formal parameter
C:\Users\97150\Documents\GitHub\gad173breakoutgame\dev\sdk\include\kf\kf_vector2.h(132,45): warning C4458: declaration of 'v' hides class member (compiling source file example.cpp)
C:\Users\97150\Documents\GitHub\gad173breakoutgame\dev\sdk\include\kf\kf_vector2.h(54,9): message : see declaration of 'kf::Vector2T<float>::<unnamed-tag>::<unnamed-tag>::v' (compiling source file example.cpp)
C:\Users\97150\Documents\GitHub\gad173breakoutgame\dev\sdk\include\kf\kf_vector2.h(133): message : while compiling class template member function 'kf::Vector2T<float> kf::Vector2T<float>::operator =(const kf::Vector2T<float> &)' (compiling source file example.cpp)
C:\Users\97150\Documents\GitHub\gad173breakoutgame\dev\sdk\include\kage2dutil\physics.h(90): message : see reference to function template instantiation 'kf::Vector2T<float> kf::Vector2T<float>::operator =(const kf::Vector2T<float> &)' being compiled (compiling source file example.cpp)
C:\Users\97150\Documents\GitHub\gad173breakoutgame\dev\sdk\include\kf\kf_streams.h(19): message : see reference to class template instantiation 'kf::Vector2T<float>' being compiled (compiling source file example.cpp)
  enemy_sandbox.vcxproj -> C:\Users\97150\Documents\GitHub\gad173breakoutgame\bin\enemy_sandbox_d.exe
